2025-04-15 21:48:39,336 - funcoes_google - INFO - Preparing batch modification. Action: 'adicionar', Calendars: 34, Users: 1
2025-04-15 21:59:00,621 - funcoes_google - INFO - Starting batch processing for 34 calendars.
2025-04-15 21:59:00,621 - funcoes_google - INFO - Building batch request...
2025-04-15 21:59:00,673 - funcoes_google - INFO - Executing batch request for 34 calendars...
2025-04-15 21:59:02,149 - funcoes_google - INFO - Batch execution finished in 1.47 seconds.
2025-04-15 21:59:02,149 - funcoes_google - INFO - Batch processing complete in 1.53 seconds. Found 2 unique users.
2025-04-15 21:59:08,445 - funcoes_google - INFO - Preparing batch modification. Action: 'remover', Calendars: 34, Users: 1
2025-04-15 21:59:08,446 - funcoes_google - INFO - Starting Phase 1 for 'remover': Listing ACLs to find rule IDs...
2025-04-15 21:59:09,229 - funcoes_google - INFO - Batch execution for phase 'list_rules' SUCCESSFUL in 0.76 seconds.
2025-04-15 21:59:09,229 - funcoes_google - INFO - Phase 1 finished. Found 20 matching rule IDs.
2025-04-15 21:59:09,229 - funcoes_google - WARNING - Phase 2 prep: Rule ID not found for renata.artigas@villelabrasilbank.com.br in c_077f37bde1a5ea2f417cfbabd6ea551a8a23c6619bc7f5835759a23d725e3048@group.calendar.google.com. Skipping.
2025-04-15 21:59:09,229 - funcoes_google - WARNING - Phase 2 prep: Rule ID not found for renata.artigas@villelabrasilbank.com.br in c_9ffb34ef3fc35eb9db06c12860f9b74bba2a238a57b15ee8d126162a1c782b7c@group.calendar.google.com. Skipping.
2025-04-15 21:59:09,230 - funcoes_google - WARNING - Phase 2 prep: Rule ID not found for renata.artigas@villelabrasilbank.com.br in c_a70a7e9c6f47e6369fb262d33c0ef6a48502e3b5b69cdc7c9cefca529218f343@group.calendar.google.com. Skipping.
2025-04-15 21:59:09,231 - funcoes_google - WARNING - Phase 2 prep: Rule ID not found for renata.artigas@villelabrasilbank.com.br in c_5e5ade33f2cfd8ca1915cd6f86a111e74a09f63c0843ef54eea40762a31a6b58@group.calendar.google.com. Skipping.
2025-04-15 21:59:09,232 - funcoes_google - WARNING - Phase 2 prep: Rule ID not found for renata.artigas@villelabrasilbank.com.br in c_866b759fcd2dedb64d6ee0291feab3c90d0310637bddb1a665fa3d9f6b2af417@group.calendar.google.com. Skipping.
2025-04-15 21:59:09,232 - funcoes_google - WARNING - Phase 2 prep: Rule ID not found for renata.artigas@villelabrasilbank.com.br in c_872c8f7c2b221cf3d713d08c9e13336e5fa6a402d33113d7ad1eb6d82f16f8c2@group.calendar.google.com. Skipping.
2025-04-15 21:59:09,234 - funcoes_google - WARNING - Phase 2 prep: Rule ID not found for renata.artigas@villelabrasilbank.com.br in c_953875df3e2ca8b9a84eb2dcef97e1031cb0e8e7c5667cc00066ddae459a31cc@group.calendar.google.com. Skipping.
2025-04-15 21:59:09,234 - funcoes_google - WARNING - Phase 2 prep: Rule ID not found for renata.artigas@villelabrasilbank.com.br in c_09ff5d260748baa63cb321e99afe1b1dbaeac2baaebc67d6d543150e3f8da160@group.calendar.google.com. Skipping.
2025-04-15 21:59:09,235 - funcoes_google - WARNING - Phase 2 prep: Rule ID not found for renata.artigas@villelabrasilbank.com.br in c_a607715b01c44ee7e321f8aa822c74d99bf7fe25b2e8a5bbfc849192fa0d94b5@group.calendar.google.com. Skipping.
2025-04-15 21:59:09,235 - funcoes_google - WARNING - Phase 2 prep: Rule ID not found for renata.artigas@villelabrasilbank.com.br in c_3cfb8bc6dbc728dd83c842dddbe53acd898727d9f39b2c3911644eda06aaf9aa@group.calendar.google.com. Skipping.
2025-04-15 21:59:09,236 - funcoes_google - WARNING - Phase 2 prep: Rule ID not found for renata.artigas@villelabrasilbank.com.br in c_10752267504529577ba3664967f2d4ae3d22a4fbb0594ff83c7eeb315b6d736a@group.calendar.google.com. Skipping.
2025-04-15 21:59:09,239 - funcoes_google - WARNING - Phase 2 prep: Rule ID not found for renata.artigas@villelabrasilbank.com.br in c_b80bc3da66189780d5bb46baa0cbabda5385a5a75f55d84666acc1326cfd4ed3@group.calendar.google.com. Skipping.
2025-04-15 21:59:09,239 - funcoes_google - WARNING - Phase 2 prep: Rule ID not found for renata.artigas@villelabrasilbank.com.br in c_d05cf9803d15d471fcceb5d9d8877111f0235c9cce577ed467598dab67f5743b@group.calendar.google.com. Skipping.
2025-04-15 21:59:09,239 - funcoes_google - WARNING - Phase 2 prep: Rule ID not found for renata.artigas@villelabrasilbank.com.br in c_a8527dd6f79e02a1ea71c49aea24823d311453062cc94484834a49ba3ac7b732@group.calendar.google.com. Skipping.
2025-04-15 21:59:09,241 - funcoes_google - INFO - Preparation finished in 0.80s. 20 operations queued for execution.
2025-04-15 21:59:09,241 - funcoes_google - INFO - Item Retry Attempt 1/11 for 20 pending operations (remover).
2025-04-15 21:59:10,958 - funcoes_google - INFO - Batch execution for phase 'remover_item_attempt_1' SUCCESSFUL in 1.72 seconds.
2025-04-15 21:59:10,959 - funcoes_google - INFO - Item retry loop finished. Success: 20, Final Failures: 0.
2025-04-15 22:04:55,022 - funcoes_google - INFO - Preparing batch modification. Action: 'adicionar', Calendars: 34, Users: 1
2025-04-15 22:17:52,176 - funcoes_google - INFO - Preparing batch modification. Action: 'adicionar', Calendars: 12, Users: 1
2025-04-15 22:17:52,176 - funcoes_google - INFO - Iniciando Ação adicionar
2025-04-15 22:17:52,189 - funcoes_google - INFO - Fim de adicionar,operations_to_execute:[{'request_id': 'c_9ffb34ef3fc35eb9db06c12860f9b74bba2a238a57b15ee8d126162a1c782b7c@group.calendar.google.com||weriquetiao@gmail.com', 'op_key': ('c_9ffb34ef3fc35eb9db06c12860f9b74bba2a238a57b15ee8d126162a1c782b7c@group.calendar.google.com', 'weriquetiao@gmail.com'), 'api_call_func': functools.partial(<bound method createMethod.<locals>.method of <googleapiclient.discovery.Resource object at 0x000001568DB6AFA0>>, calendarId='c_9ffb34ef3fc35eb9db06c12860f9b74bba2a238a57b15ee8d126162a1c782b7c@group.calendar.google.com', body={'scope': {'type': 'user', 'value': 'weriquetiao@gmail.com'}, 'role': 'writer'})}, {'request_id': 'c_bf927b1fb25d3e24cd3b6cd070e91a5c4305af0287a5040ca39b8647eb9e5136@group.calendar.google.com||weriquetiao@gmail.com', 'op_key': ('c_bf927b1fb25d3e24cd3b6cd070e91a5c4305af0287a5040ca39b8647eb9e5136@group.calendar.google.com', 'weriquetiao@gmail.com'), 'api_call_func': functools.partial(<bound method createMethod.<locals>.method of <googleapiclient.discovery.Resource object at 0x000001568DB89F40>>, calendarId='c_bf927b1fb25d3e24cd3b6cd070e91a5c4305af0287a5040ca39b8647eb9e5136@group.calendar.google.com', body={'scope': {'type': 'user', 'value': 'weriquetiao@gmail.com'}, 'role': 'writer'})}, {'request_id': 'c_077f37bde1a5ea2f417cfbabd6ea551a8a23c6619bc7f5835759a23d725e3048@group.calendar.google.com||weriquetiao@gmail.com', 'op_key': ('c_077f37bde1a5ea2f417cfbabd6ea551a8a23c6619bc7f5835759a23d725e3048@group.calendar.google.com', 'weriquetiao@gmail.com'), 'api_call_func': functools.partial(<bound method createMethod.<locals>.method of <googleapiclient.discovery.Resource object at 0x000001568DB93EE0>>, calendarId='c_077f37bde1a5ea2f417cfbabd6ea551a8a23c6619bc7f5835759a23d725e3048@group.calendar.google.com', body={'scope': {'type': 'user', 'value': 'weriquetiao@gmail.com'}, 'role': 'writer'})}, {'request_id': 'c_a70a7e9c6f47e6369fb262d33c0ef6a48502e3b5b69cdc7c9cefca529218f343@group.calendar.google.com||weriquetiao@gmail.com', 'op_key': ('c_a70a7e9c6f47e6369fb262d33c0ef6a48502e3b5b69cdc7c9cefca529218f343@group.calendar.google.com', 'weriquetiao@gmail.com'), 'api_call_func': functools.partial(<bound method createMethod.<locals>.method of <googleapiclient.discovery.Resource object at 0x000001568DB9BD60>>, calendarId='c_a70a7e9c6f47e6369fb262d33c0ef6a48502e3b5b69cdc7c9cefca529218f343@group.calendar.google.com', body={'scope': {'type': 'user', 'value': 'weriquetiao@gmail.com'}, 'role': 'writer'})}, {'request_id': 'c_fc5b269da4299309a9a93602549ac19292454ddb2c3fda70cdf7123f5b369280@group.calendar.google.com||weriquetiao@gmail.com', 'op_key': ('c_fc5b269da4299309a9a93602549ac19292454ddb2c3fda70cdf7123f5b369280@group.calendar.google.com', 'weriquetiao@gmail.com'), 'api_call_func': functools.partial(<bound method createMethod.<locals>.method of <googleapiclient.discovery.Resource object at 0x000001568DBB2D00>>, calendarId='c_fc5b269da4299309a9a93602549ac19292454ddb2c3fda70cdf7123f5b369280@group.calendar.google.com', body={'scope': {'type': 'user', 'value': 'weriquetiao@gmail.com'}, 'role': 'writer'})}, {'request_id': 'c_7a48c115fa4689583a50f6a7636b29823e192b3ed41352fab339e6fe458efb27@group.calendar.google.com||weriquetiao@gmail.com', 'op_key': ('c_7a48c115fa4689583a50f6a7636b29823e192b3ed41352fab339e6fe458efb27@group.calendar.google.com', 'weriquetiao@gmail.com'), 'api_call_func': functools.partial(<bound method createMethod.<locals>.method of <googleapiclient.discovery.Resource object at 0x000001568DBB8CA0>>, calendarId='c_7a48c115fa4689583a50f6a7636b29823e192b3ed41352fab339e6fe458efb27@group.calendar.google.com', body={'scope': {'type': 'user', 'value': 'weriquetiao@gmail.com'}, 'role': 'writer'})}, {'request_id': 'c_9b8b7287078196e0cb8c90ea82cb67d38d84fddef3d135a9d52a8918e15a2741@group.calendar.google.com||weriquetiao@gmail.com', 'op_key': ('c_9b8b7287078196e0cb8c90ea82cb67d38d84fddef3d135a9d52a8918e15a2741@group.calendar.google.com', 'weriquetiao@gmail.com'), 'api_call_func': functools.partial(<bound method createMethod.<locals>.method of <googleapiclient.discovery.Resource object at 0x000001568DBBFC40>>, calendarId='c_9b8b7287078196e0cb8c90ea82cb67d38d84fddef3d135a9d52a8918e15a2741@group.calendar.google.com', body={'scope': {'type': 'user', 'value': 'weriquetiao@gmail.com'}, 'role': 'writer'})}, {'request_id': 'c_88127ca9d4515d75eff26496d186d924d67d2bcb2df647e948ec0f01a0ab19bd@group.calendar.google.com||weriquetiao@gmail.com', 'op_key': ('c_88127ca9d4515d75eff26496d186d924d67d2bcb2df647e948ec0f01a0ab19bd@group.calendar.google.com', 'weriquetiao@gmail.com'), 'api_call_func': functools.partial(<bound method createMethod.<locals>.method of <googleapiclient.discovery.Resource object at 0x000001568DBC4BE0>>, calendarId='c_88127ca9d4515d75eff26496d186d924d67d2bcb2df647e948ec0f01a0ab19bd@group.calendar.google.com', body={'scope': {'type': 'user', 'value': 'weriquetiao@gmail.com'}, 'role': 'writer'})}, {'request_id': 'c_5e5ade33f2cfd8ca1915cd6f86a111e74a09f63c0843ef54eea40762a31a6b58@group.calendar.google.com||weriquetiao@gmail.com', 'op_key': ('c_5e5ade33f2cfd8ca1915cd6f86a111e74a09f63c0843ef54eea40762a31a6b58@group.calendar.google.com', 'weriquetiao@gmail.com'), 'api_call_func': functools.partial(<bound method createMethod.<locals>.method of <googleapiclient.discovery.Resource object at 0x000001568DBCBB80>>, calendarId='c_5e5ade33f2cfd8ca1915cd6f86a111e74a09f63c0843ef54eea40762a31a6b58@group.calendar.google.com', body={'scope': {'type': 'user', 'value': 'weriquetiao@gmail.com'}, 'role': 'writer'})}, {'request_id': 'c_872c8f7c2b221cf3d713d08c9e13336e5fa6a402d33113d7ad1eb6d82f16f8c2@group.calendar.google.com||weriquetiao@gmail.com', 'op_key': ('c_872c8f7c2b221cf3d713d08c9e13336e5fa6a402d33113d7ad1eb6d82f16f8c2@group.calendar.google.com', 'weriquetiao@gmail.com'), 'api_call_func': functools.partial(<bound method createMethod.<locals>.method of <googleapiclient.discovery.Resource object at 0x000001568DBD1B50>>, calendarId='c_872c8f7c2b221cf3d713d08c9e13336e5fa6a402d33113d7ad1eb6d82f16f8c2@group.calendar.google.com', body={'scope': {'type': 'user', 'value': 'weriquetiao@gmail.com'}, 'role': 'writer'})}, {'request_id': 'c_ca13a59d2341b67c730bfc835fc4a00a2a7fa8a72d38e618a16c7c88ab9ef429@group.calendar.google.com||weriquetiao@gmail.com', 'op_key': ('c_ca13a59d2341b67c730bfc835fc4a00a2a7fa8a72d38e618a16c7c88ab9ef429@group.calendar.google.com', 'weriquetiao@gmail.com'), 'api_call_func': functools.partial(<bound method createMethod.<locals>.method of <googleapiclient.discovery.Resource object at 0x000001568DBD7AF0>>, calendarId='c_ca13a59d2341b67c730bfc835fc4a00a2a7fa8a72d38e618a16c7c88ab9ef429@group.calendar.google.com', body={'scope': {'type': 'user', 'value': 'weriquetiao@gmail.com'}, 'role': 'writer'})}, {'request_id': 'c_5d598fd3cf63a51b37468557f34203a19c6d3ed405d7ea1bd66287f13de71d9c@group.calendar.google.com||weriquetiao@gmail.com', 'op_key': ('c_5d598fd3cf63a51b37468557f34203a19c6d3ed405d7ea1bd66287f13de71d9c@group.calendar.google.com', 'weriquetiao@gmail.com'), 'api_call_func': functools.partial(<bound method createMethod.<locals>.method of <googleapiclient.discovery.Resource object at 0x000001568DBDDA90>>, calendarId='c_5d598fd3cf63a51b37468557f34203a19c6d3ed405d7ea1bd66287f13de71d9c@group.calendar.google.com', body={'scope': {'type': 'user', 'value': 'weriquetiao@gmail.com'}, 'role': 'writer'})}]
2025-04-15 22:24:38,618 - funcoes_google - INFO - Preparing batch modification. Action: 'adicionar', Calendars: 34, Users: 1
2025-04-15 22:24:38,635 - funcoes_google - INFO - Preparation finished in 0.02s. 34 operations queued for execution.
2025-04-15 22:24:38,636 - funcoes_google - INFO - Item Retry Attempt 1/11 for 34 pending operations (adicionar).
2025-04-15 22:24:43,936 - funcoes_google - WARNING - Attempt 1: Item Error ('c_866b759fcd2dedb64d6ee0291feab3c90d0310637bddb1a665fa3d9f6b2af417@group.calendar.google.com', 'weriquetiao@gmail.com') (Status: 403): <HttpError 403 when requesting https://www.googleapis.com/calendar/v3/calendars/c_866b759fcd2dedb64d6ee0291feab3c90d0310637bddb1a665fa3d9f6b2af417%40group.calendar.google.com/acl?alt=json returned "Rate Limit Exceeded". Details: "[{'domain': 'usageLimits', 'reason': 'rateLimitExceeded', 'message': 'Rate Limit Exceeded'}]">
2025-04-15 22:24:43,936 - funcoes_google - WARNING - Attempt 1: Item Error ('c_872c8f7c2b221cf3d713d08c9e13336e5fa6a402d33113d7ad1eb6d82f16f8c2@group.calendar.google.com', 'weriquetiao@gmail.com') (Status: 403): <HttpError 403 when requesting https://www.googleapis.com/calendar/v3/calendars/c_872c8f7c2b221cf3d713d08c9e13336e5fa6a402d33113d7ad1eb6d82f16f8c2%40group.calendar.google.com/acl?alt=json returned "Rate Limit Exceeded". Details: "[{'domain': 'usageLimits', 'reason': 'rateLimitExceeded', 'message': 'Rate Limit Exceeded'}]">
2025-04-15 22:24:43,936 - funcoes_google - WARNING - Attempt 1: Item Error ('c_ca13a59d2341b67c730bfc835fc4a00a2a7fa8a72d38e618a16c7c88ab9ef429@group.calendar.google.com', 'weriquetiao@gmail.com') (Status: 403): <HttpError 403 when requesting https://www.googleapis.com/calendar/v3/calendars/c_ca13a59d2341b67c730bfc835fc4a00a2a7fa8a72d38e618a16c7c88ab9ef429%40group.calendar.google.com/acl?alt=json returned "Rate Limit Exceeded". Details: "[{'domain': 'usageLimits', 'reason': 'rateLimitExceeded', 'message': 'Rate Limit Exceeded'}]">
2025-04-15 22:24:43,936 - funcoes_google - WARNING - Attempt 1: Item Error ('c_dcb2072fbcc802bc1a8ade66d7fd799fc32c058332dfbe7df6a563a62c779011@group.calendar.google.com', 'weriquetiao@gmail.com') (Status: 403): <HttpError 403 when requesting https://www.googleapis.com/calendar/v3/calendars/c_dcb2072fbcc802bc1a8ade66d7fd799fc32c058332dfbe7df6a563a62c779011%40group.calendar.google.com/acl?alt=json returned "Rate Limit Exceeded". Details: "[{'domain': 'usageLimits', 'reason': 'rateLimitExceeded', 'message': 'Rate Limit Exceeded'}]">
2025-04-15 22:24:43,936 - funcoes_google - WARNING - Attempt 1: Item Error ('c_10752267504529577ba3664967f2d4ae3d22a4fbb0594ff83c7eeb315b6d736a@group.calendar.google.com', 'weriquetiao@gmail.com') (Status: 403): <HttpError 403 when requesting https://www.googleapis.com/calendar/v3/calendars/c_10752267504529577ba3664967f2d4ae3d22a4fbb0594ff83c7eeb315b6d736a%40group.calendar.google.com/acl?alt=json returned "Rate Limit Exceeded". Details: "[{'domain': 'usageLimits', 'reason': 'rateLimitExceeded', 'message': 'Rate Limit Exceeded'}]">
2025-04-15 22:24:43,937 - funcoes_google - WARNING - Attempt 1: Item Error ('c_27b46889c205358a623890c0f877860973d83d1428136c6e24026480fc2a8f48@group.calendar.google.com', 'weriquetiao@gmail.com') (Status: 403): <HttpError 403 when requesting https://www.googleapis.com/calendar/v3/calendars/c_27b46889c205358a623890c0f877860973d83d1428136c6e24026480fc2a8f48%40group.calendar.google.com/acl?alt=json returned "Rate Limit Exceeded". Details: "[{'domain': 'usageLimits', 'reason': 'rateLimitExceeded', 'message': 'Rate Limit Exceeded'}]">
2025-04-15 22:24:43,937 - funcoes_google - WARNING - Attempt 1: Item Error ('c_b80bc3da66189780d5bb46baa0cbabda5385a5a75f55d84666acc1326cfd4ed3@group.calendar.google.com', 'weriquetiao@gmail.com') (Status: 403): <HttpError 403 when requesting https://www.googleapis.com/calendar/v3/calendars/c_b80bc3da66189780d5bb46baa0cbabda5385a5a75f55d84666acc1326cfd4ed3%40group.calendar.google.com/acl?alt=json returned "Rate Limit Exceeded". Details: "[{'domain': 'usageLimits', 'reason': 'rateLimitExceeded', 'message': 'Rate Limit Exceeded'}]">
2025-04-15 22:24:43,937 - funcoes_google - WARNING - Attempt 1: Item Error ('c_b35bb478eb3e1605433db5715d27706e7d48d53b3025c1a4a8d13d09d74b911e@group.calendar.google.com', 'weriquetiao@gmail.com') (Status: 403): <HttpError 403 when requesting https://www.googleapis.com/calendar/v3/calendars/c_b35bb478eb3e1605433db5715d27706e7d48d53b3025c1a4a8d13d09d74b911e%40group.calendar.google.com/acl?alt=json returned "Rate Limit Exceeded". Details: "[{'domain': 'usageLimits', 'reason': 'rateLimitExceeded', 'message': 'Rate Limit Exceeded'}]">
2025-04-15 22:24:43,937 - funcoes_google - INFO - Batch execution for phase 'adicionar_item_attempt_1' SUCCESSFUL in 5.30 seconds.
2025-04-15 22:24:43,937 - funcoes_google - INFO - Attempt 1 finished. 8 items failed retryable. Waiting 1.31s...
2025-04-15 22:24:45,259 - funcoes_google - INFO - Item Retry Attempt 2/11 for 8 pending operations (adicionar).
2025-04-15 22:24:48,139 - funcoes_google - INFO - Batch execution for phase 'adicionar_item_attempt_2' SUCCESSFUL in 2.88 seconds.
2025-04-15 22:24:48,140 - funcoes_google - INFO - Item retry loop finished. Success: 34, Final Failures: 0.
2025-04-16 00:07:47,192 - funcoes_google - INFO - Preparing batch calendar creation for 2 names.
2025-04-16 00:07:47,193 - funcoes_google - INFO - Preparation finished in 0.00s. 2 operations queued.
2025-04-16 00:07:47,193 - funcoes_google - INFO - Calling _execute_operations_with_item_retry for 2 calendar creations.
2025-04-16 00:07:47,194 - funcoes_google - INFO - Item Retry Attempt 1/11 for 2 pending operations (create_calendar).
2025-04-16 00:08:01,405 - funcoes_google - INFO - Batch execution for phase 'create_calendar_item_attempt_1' SUCCESSFUL in 14.21 seconds.
2025-04-16 00:08:01,406 - funcoes_google - INFO - Item retry loop finished. Success: 2, Final Failures: 0.
2025-04-16 00:08:01,406 - funcoes_google - INFO - Returned from _execute_operations_with_item_retry.
2025-04-16 00:08:01,407 - funcoes_google - INFO - Processing results from batch execution...
2025-04-16 00:08:01,407 - funcoes_google - INFO - Finished batch calendar creation process.
2025-04-16 00:27:47,655 - funcoes_google - INFO - Preparing batch calendar creation for 1 names.
2025-04-16 00:27:47,655 - funcoes_google - INFO - Preparation finished in 0.00s. 1 operations queued.
2025-04-16 00:27:47,655 - funcoes_google - INFO - Calling _execute_operations_with_item_retry for 1 calendar creations.
2025-04-16 00:27:47,655 - funcoes_google - INFO - Item Retry Attempt 1/11 for 1 pending operations (create_calendar).
2025-04-16 00:27:54,923 - funcoes_google - INFO - Batch execution for phase 'create_calendar_item_attempt_1' SUCCESSFUL in 7.27 seconds.
2025-04-16 00:27:54,925 - funcoes_google - INFO - Item retry loop finished. Success: 1, Final Failures: 0.
2025-04-16 00:27:54,925 - funcoes_google - INFO - Returned from _execute_operations_with_item_retry.
2025-04-16 00:27:54,925 - funcoes_google - INFO - Processing results from batch execution...
2025-04-16 00:27:54,925 - funcoes_google - INFO - Finished batch calendar creation process.
2025-04-16 00:29:22,780 - funcoes_google - INFO - Preparing batch calendar creation for 2 names.
2025-04-16 00:29:22,781 - funcoes_google - INFO - Preparation finished in 0.00s. 2 operations queued.
2025-04-16 00:29:22,782 - funcoes_google - INFO - Calling _execute_operations_with_item_retry for 2 calendar creations.
2025-04-16 00:29:22,782 - funcoes_google - INFO - Item Retry Attempt 1/11 for 2 pending operations (create_calendar).
2025-04-16 00:29:37,831 - funcoes_google - INFO - Batch execution for phase 'create_calendar_item_attempt_1' SUCCESSFUL in 15.05 seconds.
2025-04-16 00:29:37,832 - funcoes_google - INFO - Item retry loop finished. Success: 2, Final Failures: 0.
2025-04-16 00:29:37,833 - funcoes_google - INFO - Returned from _execute_operations_with_item_retry.
2025-04-16 00:29:37,833 - funcoes_google - INFO - Processing results from batch execution...
2025-04-16 00:29:37,833 - funcoes_google - INFO - Finished batch calendar creation process.
2025-04-16 00:51:02,582 - funcoes_google - INFO - Preparing batch calendar creation for 1 names.
2025-04-16 00:51:02,584 - funcoes_google - INFO - Preparation finished in 0.00s. 1 operations queued.
2025-04-16 00:51:02,584 - funcoes_google - INFO - Calling _execute_operations_with_item_retry for 1 calendar creations.
2025-04-16 00:51:02,584 - funcoes_google - INFO - Item Retry Attempt 1/11 for 1 pending operations (create_calendar).
2025-04-16 00:51:11,219 - funcoes_google - INFO - Batch execution for phase 'create_calendar_item_attempt_1' SUCCESSFUL in 8.63 seconds.
2025-04-16 00:51:11,220 - funcoes_google - INFO - Item retry loop finished. Success: 1, Final Failures: 0.
2025-04-16 00:51:11,220 - funcoes_google - INFO - Returned from _execute_operations_with_item_retry.
2025-04-16 00:51:11,220 - funcoes_google - INFO - Processing results from batch execution...
2025-04-16 00:51:11,220 - funcoes_google - INFO - Finished batch calendar creation process.
